

-------------------------------------------------
CS240: Lab 2b. cs240   
Sun Jan 25 22:14:59 EST 2015
-------------------------------------------------
test_mystring test1                 : 0   of 3  
test_mystring test2                 : 0   of 3  
test_mystring test3                 : 0   of 3  
test_mystring test4                 : 0   of 3  
test_mystring test5                 : 0   of 3  
test_mystring test6                 : 0   of 3  
test_mystring test7                 : 0   of 3  
-------------------------------------------------
CS240: Lab 2b. cs240 Sun Jan 25 22:14:59 EST 2015  Total:  0 of 21



-------------------------------------------------
CS240: Lab 2b. cs240   
Sun Jan 25 22:15:33 EST 2015
-------------------------------------------------
test_mystring test1                 : 0   of 3  
test_mystring test2                 : 0   of 3  
test_mystring test3                 : 0   of 3  
test_mystring test4                 : 0   of 3  
test_mystring test5                 : 0   of 3  
test_mystring test6                 : 0   of 3  
test_mystring test7                 : 0   of 3  
-------------------------------------------------
CS240: Lab 2b. cs240 Sun Jan 25 22:15:33 EST 2015  Total:  0 of 21



-------------------------------------------------
CS240: Lab 2b. guo268   
Fri Jan 30 16:58:17 EST 2015
-------------------------------------------------
test_mystring test1                 : 3   of 3  
test_mystring test2                 : 0   of 3  
test_mystring test3                 : 0   of 3  
test_mystring test4                 : 0   of 3  
test_mystring test5                 : 0   of 3  
test_mystring test6                 : 0   of 3  
test_mystring test7                 : 0   of 3  
-------------------------------------------------
CS240: Lab 2b. guo268 Fri Jan 30 16:58:17 EST 2015  Total:  3 of 21



-------------------------------------------------
CS240: Lab 2b. guo268   
Fri Jan 30 17:02:02 EST 2015
-------------------------------------------------
test_mystring test1                 : 3   of 3  
test_mystring test4                 : 0   of 3  
test_mystring test5                 : 0   of 3  
test_mystring test6                 : 0   of 3  
test_mystring test7                 : 0   of 3  
-------------------------------------------------
CS240: Lab 2b. guo268 Fri Jan 30 17:02:02 EST 2015  Total:  3 of 21



-------------------------------------------------
CS240: Lab 2b. guo268   
Fri Jan 30 17:03:07 EST 2015
-------------------------------------------------
test_mystring test1                 : 3   of 3  
test_mystring test4                 : 0   of 3  
test_mystring test5                 : 0   of 3  
test_mystring test6                 : 0   of 3  
test_mystring test7                 : 0   of 3  
-------------------------------------------------
CS240: Lab 2b. guo268 Fri Jan 30 17:03:07 EST 2015  Total:  3 of 21



-------------------------------------------------
CS240: Lab 2b. guo268   
Fri Jan 30 17:03:39 EST 2015
-------------------------------------------------
test_mystring test1                 : 3   of 3  
test_mystring test2                 : 3   of 3  
test_mystring test3                 : 0   of 3  
test_mystring test4                 : 0   of 3  
test_mystring test5                 : 0   of 3  
test_mystring test6                 : 0   of 3  
test_mystring test7                 : 0   of 3  
-------------------------------------------------
CS240: Lab 2b. guo268 Fri Jan 30 17:03:39 EST 2015  Total:  6 of 21



-------------------------------------------------
CS240: Lab 2b. guo268   
Fri Jan 30 17:04:24 EST 2015
-------------------------------------------------
test_mystring test1                 : 3   of 3  
test_mystring test2                 : 3   of 3  
test_mystring test3                 : 0   of 3  
test_mystring test4                 : 0   of 3  
test_mystring test5                 : 0   of 3  
test_mystring test6                 : 0   of 3  
test_mystring test7                 : 0   of 3  
-------------------------------------------------
CS240: Lab 2b. guo268 Fri Jan 30 17:04:24 EST 2015  Total:  6 of 21



-------------------------------------------------
CS240: Lab 2b. guo268   
Fri Jan 30 17:05:36 EST 2015
-------------------------------------------------
test_mystring test1                 : 3   of 3  
test_mystring test2                 : 3   of 3  
test_mystring test3                 : 0   of 3  
test_mystring test4                 : 0   of 3  
test_mystring test5                 : 0   of 3  
test_mystring test6                 : 0   of 3  
test_mystring test7                 : 0   of 3  
-------------------------------------------------
CS240: Lab 2b. guo268 Fri Jan 30 17:05:36 EST 2015  Total:  6 of 21



-------------------------------------------------
CS240: Lab 2b. guo268   
Fri Jan 30 17:07:04 EST 2015
-------------------------------------------------
test_mystring test1                 : 3   of 3  
test_mystring test2                 : 3   of 3  
test_mystring test3                 : 0   of 3  
test_mystring test4                 : 0   of 3  
test_mystring test5                 : 0   of 3  
test_mystring test6                 : 0   of 3  
test_mystring test7                 : 0   of 3  
-------------------------------------------------
CS240: Lab 2b. guo268 Fri Jan 30 17:07:04 EST 2015  Total:  6 of 21



-------------------------------------------------
CS240: Lab 2b. guo268   
Fri Jan 30 17:07:33 EST 2015
-------------------------------------------------
test_mystring test1                 : 3   of 3  
test_mystring test2                 : 3   of 3  
test_mystring test3                 : 0   of 3  
test_mystring test4                 : 0   of 3  
test_mystring test5                 : 0   of 3  
test_mystring test6                 : 0   of 3  
test_mystring test7                 : 0   of 3  
-------------------------------------------------
CS240: Lab 2b. guo268 Fri Jan 30 17:07:33 EST 2015  Total:  6 of 21



-------------------------------------------------
CS240: Lab 2b. guo268   
Fri Jan 30 17:07:48 EST 2015
-------------------------------------------------
test_mystring test1                 : 3   of 3  
test_mystring test2                 : 3   of 3  
test_mystring test3                 : 0   of 3  
test_mystring test4                 : 0   of 3  
test_mystring test5                 : 0   of 3  
test_mystring test6                 : 0   of 3  
test_mystring test7                 : 0   of 3  
-------------------------------------------------
CS240: Lab 2b. guo268 Fri Jan 30 17:07:48 EST 2015  Total:  6 of 21



-------------------------------------------------
CS240: Lab 2b. guo268   
Fri Jan 30 17:08:37 EST 2015
-------------------------------------------------
test_mystring test1                 : 3   of 3  
test_mystring test2                 : 3   of 3  
test_mystring test3                 : 0   of 3  
test_mystring test4                 : 0   of 3  
test_mystring test5                 : 0   of 3  
test_mystring test6                 : 0   of 3  
test_mystring test7                 : 0   of 3  
-------------------------------------------------
CS240: Lab 2b. guo268 Fri Jan 30 17:08:37 EST 2015  Total:  6 of 21



-------------------------------------------------
CS240: Lab 2b. guo268   
Fri Jan 30 17:09:02 EST 2015
-------------------------------------------------
test_mystring test1                 : 3   of 3  
test_mystring test2                 : 3   of 3  
test_mystring test3                 : 3   of 3  
test_mystring test4                 : 0   of 3  
test_mystring test5                 : 0   of 3  
test_mystring test6                 : 0   of 3  
test_mystring test7                 : 0   of 3  
-------------------------------------------------
CS240: Lab 2b. guo268 Fri Jan 30 17:09:02 EST 2015  Total:  9 of 21



-------------------------------------------------
CS240: Lab 2b. guo268   
Fri Jan 30 17:13:32 EST 2015
-------------------------------------------------
test_mystring test1                 : 3   of 3  
test_mystring test2                 : 3   of 3  
test_mystring test3                 : 3   of 3  
test_mystring test4                 : 3   of 3  
test_mystring test5                 : 0   of 3  
test_mystring test6                 : 0   of 3  
test_mystring test7                 : 0   of 3  
-------------------------------------------------
CS240: Lab 2b. guo268 Fri Jan 30 17:13:32 EST 2015  Total:  12 of 21



-------------------------------------------------
CS240: Lab 2b. guo268   
Fri Jan 30 23:19:51 EST 2015
-------------------------------------------------
test_mystring test1                 : 3   of 3  
test_mystring test2                 : 3   of 3  
test_mystring test3                 : 3   of 3  
test_mystring test4                 : 3   of 3  
test_mystring test5                 : 0   of 3  
test_mystring test6                 : 0   of 3  
test_mystring test7                 : 0   of 3  
-------------------------------------------------
CS240: Lab 2b. guo268 Fri Jan 30 23:19:51 EST 2015  Total:  12 of 21



-------------------------------------------------
CS240: Lab 2b. guo268   
Sat Jan 31 22:27:22 EST 2015
-------------------------------------------------
test_mystring test1                 : 3   of 3  
test_mystring test2                 : 3   of 3  
test_mystring test3                 : 3   of 3  
test_mystring test4                 : 3   of 3  
test_mystring test6                 : 0   of 3  
test_mystring test7                 : 0   of 3  
-------------------------------------------------
CS240: Lab 2b. guo268 Sat Jan 31 22:27:22 EST 2015  Total:  12 of 21



-------------------------------------------------
CS240: Lab 2b. guo268   
Sat Jan 31 22:35:51 EST 2015
-------------------------------------------------
test_mystring test1                 : 3   of 3  
test_mystring test2                 : 3   of 3  
test_mystring test3                 : 3   of 3  
test_mystring test4                 : 3   of 3  
test_mystring test6                 : 0   of 3  
test_mystring test7                 : 0   of 3  
-------------------------------------------------
CS240: Lab 2b. guo268 Sat Jan 31 22:35:51 EST 2015  Total:  12 of 21



-------------------------------------------------
CS240: Lab 2b. guo268   
Sat Jan 31 22:51:01 EST 2015
-------------------------------------------------
test_mystring test1                 : 3   of 3  
test_mystring test2                 : 3   of 3  
test_mystring test3                 : 3   of 3  
test_mystring test4                 : 3   of 3  
test_mystring test6                 : 0   of 3  
test_mystring test7                 : 0   of 3  
-------------------------------------------------
CS240: Lab 2b. guo268 Sat Jan 31 22:51:01 EST 2015  Total:  12 of 21



-------------------------------------------------
CS240: Lab 2b. guo268   
Sat Jan 31 22:52:00 EST 2015
-------------------------------------------------
test_mystring test1                 : 3   of 3  
test_mystring test2                 : 3   of 3  
test_mystring test3                 : 3   of 3  
test_mystring test4                 : 3   of 3  
test_mystring test5                 : 3   of 3  
test_mystring test6                 : 0   of 3  
test_mystring test7                 : 0   of 3  
-------------------------------------------------
CS240: Lab 2b. guo268 Sat Jan 31 22:52:00 EST 2015  Total:  15 of 21



-------------------------------------------------
CS240: Lab 2b. guo268   
Sat Jan 31 23:31:07 EST 2015
-------------------------------------------------
test_mystring test1                 : 3   of 3  
test_mystring test2                 : 3   of 3  
test_mystring test3                 : 3   of 3  
test_mystring test4                 : 3   of 3  
test_mystring test5                 : 3   of 3  
test_mystring test6                 : 3   of 3  
test_mystring test7                 : 3   of 3  
-------------------------------------------------
CS240: Lab 2b. guo268 Sat Jan 31 23:31:07 EST 2015  Total:  21 of 21



-------------------------------------------------
CS240: Lab 2b. guo268   
Sat Jan 31 23:56:33 EST 2015
-------------------------------------------------
test_mystring test1                 : 3   of 3  
test_mystring test2                 : 3   of 3  
test_mystring test3                 : 3   of 3  
test_mystring test4                 : 3   of 3  
test_mystring test5                 : 3   of 3  
test_mystring test6                 : 3   of 3  
test_mystring test7                 : 3   of 3  
-------------------------------------------------
CS240: Lab 2b. guo268 Sat Jan 31 23:56:33 EST 2015  Total:  21 of 21



-------------------------------------------------
CS240: Lab 2b. guo268   
Sat Jan 31 23:56:48 EST 2015
-------------------------------------------------
test_mystring test1                 : 3   of 3  
test_mystring test2                 : 3   of 3  
test_mystring test3                 : 3   of 3  
test_mystring test4                 : 3   of 3  
test_mystring test5                 : 3   of 3  
test_mystring test6                 : 3   of 3  
test_mystring test7                 : 3   of 3  
-------------------------------------------------
CS240: Lab 2b. guo268 Sat Jan 31 23:56:48 EST 2015  Total:  21 of 21



-------------------------------------------------
CS240: Lab 2b. guo268   
Sat Jan 31 23:59:17 EST 2015
-------------------------------------------------
test_mystring test1                 : 3   of 3  
test_mystring test2                 : 3   of 3  
test_mystring test3                 : 3   of 3  
test_mystring test4                 : 3   of 3  
test_mystring test5                 : 3   of 3  
test_mystring test6                 : 3   of 3  
test_mystring test7                 : 3   of 3  
-------------------------------------------------
CS240: Lab 2b. guo268 Sat Jan 31 23:59:17 EST 2015  Total:  21 of 21



-------------------------------------------------
CS240: Lab 2b. guo268   
Sat Jan 31 23:59:59 EST 2015
-------------------------------------------------
test_mystring test1                 : 3   of 3  
test_mystring test2                 : 3   of 3  
test_mystring test3                 : 3   of 3  
test_mystring test4                 : 3   of 3  
test_mystring test5                 : 3   of 3  
test_mystring test6                 : 3   of 3  
test_mystring test7                 : 3   of 3  
-------------------------------------------------
CS240: Lab 2b. guo268 Sat Jan 31 23:59:59 EST 2015  Total:  21 of 21



-------------------------------------------------
CS240: Lab 2b. guo268   
Sun Feb  1 00:00:10 EST 2015
-------------------------------------------------
test_mystring test1                 : 3   of 3  
test_mystring test2                 : 3   of 3  
test_mystring test3                 : 3   of 3  
test_mystring test4                 : 3   of 3  
test_mystring test5                 : 3   of 3  
test_mystring test6                 : 3   of 3  
test_mystring test7                 : 3   of 3  
-------------------------------------------------
CS240: Lab 2b. guo268 Sun Feb 1 00:00:10 EST 2015  Total:  21 of 21



-------------------------------------------------
CS240: Lab 2b. guo268   
Sun Feb  1 00:04:34 EST 2015
-------------------------------------------------
test_mystring test1                 : 3   of 3  
test_mystring test2                 : 3   of 3  
test_mystring test3                 : 3   of 3  
test_mystring test4                 : 3   of 3  
test_mystring test5                 : 3   of 3  
test_mystring test6                 : 3   of 3  
test_mystring test7                 : 3   of 3  
-------------------------------------------------
CS240: Lab 2b. guo268 Sun Feb 1 00:04:34 EST 2015  Total:  21 of 21



-------------------------------------------------
CS240: Lab 2b. guo268   
Sun Feb  1 00:24:57 EST 2015
-------------------------------------------------
test_mystring test1                 : 3   of 3  
test_mystring test2                 : 3   of 3  
test_mystring test3                 : 3   of 3  
test_mystring test4                 : 3   of 3  
test_mystring test5                 : 3   of 3  
test_mystring test6                 : 3   of 3  
test_mystring test7                 : 3   of 3  
-------------------------------------------------
CS240: Lab 2b. guo268 Sun Feb 1 00:24:57 EST 2015  Total:  21 of 21



-------------------------------------------------
CS240: Lab 2b. guo268   
Sun Feb  1 00:57:36 EST 2015
-------------------------------------------------
test_mystring test1                 : 3   of 3  
test_mystring test2                 : 3   of 3  
test_mystring test3                 : 3   of 3  
test_mystring test4                 : 3   of 3  
test_mystring test5                 : 3   of 3  
test_mystring test6                 : 3   of 3  
test_mystring test7                 : 3   of 3  
-------------------------------------------------
CS240: Lab 2b. guo268 Sun Feb 1 00:57:36 EST 2015  Total:  21 of 21



-------------------------------------------------
CS240: Lab 2b. guo268   
Sun Feb  1 00:58:38 EST 2015
-------------------------------------------------
test_mystring test1                 : 3   of 3  
test_mystring test2                 : 3   of 3  
test_mystring test3                 : 3   of 3  
test_mystring test4                 : 3   of 3  
test_mystring test5                 : 3   of 3  
test_mystring test6                 : 3   of 3  
test_mystring test7                 : 3   of 3  
-------------------------------------------------
CS240: Lab 2b. guo268 Sun Feb 1 00:58:38 EST 2015  Total:  21 of 21

