CS240: lab5. cs240 Mon Mar 9 23:13:39 EDT 2015  Total:  -20 of 75

CS240: lab5. cs240 Mon Mar 9 23:15:07 EDT 2015  Total:  -20 of 75

CS240: lab5. cs240 Mon Mar 9 23:15:21 EDT 2015  Total:  55 of 75

CS240: lab5. cs240 Mon Mar 9 23:16:12 EDT 2015  Total:  55 of 75

CS240: lab5. cs240 Mon Mar 9 23:17:37 EDT 2015  Total:  75 of 75

CS240: lab5. cs240 Tue Mar 10 00:05:07 EDT 2015  Total:  100 of 100

CS240: lab5. cs240 Tue Mar 10 00:14:16 EDT 2015  Total:  0 of 100

CS240: lab5. cs240 Tue Mar 10 00:15:06 EDT 2015  Total:  0 of 100

CS240: lab5. cs240 Tue Mar 10 00:17:18 EDT 2015  Total:  0 of 100

CS240: lab5. guo268 Fri Mar 13 16:03:40 EDT 2015  Total:  10 of 100

CS240: lab5. guo268 Fri Mar 13 16:09:22 EDT 2015  Total:  15 of 100

CS240: lab5. guo268 Fri Mar 13 16:11:07 EDT 2015  Total:  20 of 100

CS240: lab5. guo268 Fri Mar 13 16:18:48 EDT 2015  Total:  20 of 100

CS240: lab5. guo268 Fri Mar 13 16:19:49 EDT 2015  Total:  20 of 100

CS240: lab5. guo268 Fri Mar 13 16:21:16 EDT 2015  Total:  20 of 100

CS240: lab5. guo268 Fri Mar 13 16:21:52 EDT 2015  Total:  30 of 100

CS240: lab5. guo268 Fri Mar 13 16:22:11 EDT 2015  Total:  40 of 100

CS240: lab5. guo268 Fri Mar 13 16:23:39 EDT 2015  Total:  40 of 100

CS240: lab5. guo268 Fri Mar 13 16:25:44 EDT 2015  Total:  45 of 100

CS240: lab5. guo268 Fri Mar 13 16:40:28 EDT 2015  Total:  45 of 100

CS240: lab5. guo268 Wed Mar 25 16:34:13 EDT 2015  Total:  45 of 100

CS240: lab5. guo268 Wed Mar 25 16:35:46 EDT 2015  Total:  45 of 100

CS240: lab5. guo268 Wed Mar 25 16:36:29 EDT 2015  Total:  45 of 100

CS240: lab5. guo268 Wed Mar 25 17:14:28 EDT 2015  Total:  45 of 100

CS240: lab5. guo268 Wed Mar 25 17:15:06 EDT 2015  Total:  45 of 100

CS240: lab5. guo268 Wed Mar 25 17:15:35 EDT 2015  Total:  45 of 100

CS240: lab5. guo268 Wed Mar 25 17:16:37 EDT 2015  Total:  45 of 100

CS240: lab5. guo268 Wed Mar 25 17:17:33 EDT 2015  Total:  45 of 100

CS240: lab5. guo268 Wed Mar 25 17:21:46 EDT 2015  Total:  45 of 100

CS240: lab5. guo268 Wed Mar 25 17:24:51 EDT 2015  Total:  45 of 100

CS240: lab5. guo268 Wed Mar 25 17:39:16 EDT 2015  Total:  45 of 100

CS240: lab5. guo268 Wed Mar 25 17:40:52 EDT 2015  Total:  45 of 100

CS240: lab5. guo268 Wed Mar 25 17:41:54 EDT 2015  Total:  45 of 100

CS240: lab5. guo268 Wed Mar 25 17:42:27 EDT 2015  Total:  45 of 100

CS240: lab5. guo268 Wed Mar 25 17:43:44 EDT 2015  Total:  45 of 100

CS240: lab5. guo268 Wed Mar 25 17:45:15 EDT 2015  Total:  45 of 100

CS240: lab5. guo268 Wed Mar 25 18:15:32 EDT 2015  Total:  45 of 100

CS240: lab5. guo268 Wed Mar 25 18:20:25 EDT 2015  Total:  45 of 100

CS240: lab5. guo268 Wed Mar 25 18:24:15 EDT 2015  Total:  45 of 100

CS240: lab5. guo268 Wed Mar 25 18:25:51 EDT 2015  Total:  45 of 100

CS240: lab5. guo268 Wed Mar 25 18:29:12 EDT 2015  Total:  45 of 100

CS240: lab5. guo268 Wed Mar 25 18:29:57 EDT 2015  Total:  45 of 100

CS240: lab5. guo268 Wed Mar 25 18:30:52 EDT 2015  Total:  45 of 100

CS240: lab5. guo268 Wed Mar 25 18:33:37 EDT 2015  Total:  45 of 100

CS240: lab5. guo268 Wed Mar 25 18:35:10 EDT 2015  Total:  45 of 100

CS240: lab5. guo268 Fri Mar 27 15:29:28 EDT 2015  Total:  45 of 100

CS240: lab5. guo268 Fri Mar 27 15:31:32 EDT 2015  Total:  45 of 100

CS240: lab5. guo268 Fri Mar 27 15:36:02 EDT 2015  Total:  45 of 100

CS240: lab5. guo268 Fri Mar 27 15:36:13 EDT 2015  Total:  45 of 100

CS240: lab5. guo268 Fri Mar 27 15:37:01 EDT 2015  Total:  45 of 100

CS240: lab5. guo268 Fri Mar 27 15:47:28 EDT 2015  Total:  45 of 100

CS240: lab5. guo268 Fri Mar 27 15:49:57 EDT 2015  Total:  45 of 100

CS240: lab5. guo268 Fri Mar 27 15:52:01 EDT 2015  Total:  45 of 100

CS240: lab5. guo268 Fri Mar 27 15:52:25 EDT 2015  Total:  45 of 100

CS240: lab5. guo268 Fri Mar 27 15:56:49 EDT 2015  Total:  45 of 100

CS240: lab5. guo268 Fri Mar 27 15:57:29 EDT 2015  Total:  45 of 100

CS240: lab5. guo268 Fri Mar 27 15:59:29 EDT 2015  Total:  45 of 100

CS240: lab5. guo268 Fri Mar 27 16:00:39 EDT 2015  Total:  45 of 100

CS240: lab5. guo268 Fri Mar 27 16:02:10 EDT 2015  Total:  45 of 100

CS240: lab5. guo268 Fri Mar 27 16:04:30 EDT 2015  Total:  45 of 100

CS240: lab5. guo268 Fri Mar 27 16:05:32 EDT 2015  Total:  45 of 100

CS240: lab5. guo268 Fri Mar 27 16:08:05 EDT 2015  Total:  45 of 100

CS240: lab5. guo268 Fri Mar 27 16:08:30 EDT 2015  Total:  45 of 100

CS240: lab5. guo268 Fri Mar 27 16:08:44 EDT 2015  Total:  45 of 100

CS240: lab5. guo268 Fri Mar 27 16:09:28 EDT 2015  Total:  45 of 100

CS240: lab5. guo268 Fri Mar 27 16:09:45 EDT 2015  Total:  45 of 100

CS240: lab5. guo268 Fri Mar 27 16:17:11 EDT 2015  Total:  45 of 100

CS240: lab5. guo268 Fri Mar 27 16:21:02 EDT 2015  Total:  45 of 100

CS240: lab5. guo268 Fri Mar 27 16:24:58 EDT 2015  Total:  45 of 100

CS240: lab5. guo268 Sat Mar 28 22:35:15 EDT 2015  Total:  45 of 100

CS240: lab5. guo268 Sat Mar 28 22:37:09 EDT 2015  Total:  45 of 140

CS240: lab5. guo268 Mon Mar 30 20:39:26 EDT 2015  Total:  45 of 140

CS240: lab5. guo268 Mon Mar 30 20:42:24 EDT 2015  Total:  45 of 140

CS240: lab5. guo268 Mon Mar 30 20:42:37 EDT 2015  Total:  45 of 140

CS240: lab5. guo268 Mon Mar 30 20:42:52 EDT 2015  Total:  45 of 140

CS240: lab5. guo268 Mon Mar 30 20:43:29 EDT 2015  Total:  45 of 140

CS240: lab5. guo268 Mon Mar 30 20:43:42 EDT 2015  Total:  50 of 140

CS240: lab5. guo268 Mon Mar 30 20:43:52 EDT 2015  Total:  45 of 140

CS240: lab5. guo268 Mon Mar 30 20:46:24 EDT 2015  Total:  50 of 140

CS240: lab5. guo268 Mon Mar 30 20:57:19 EDT 2015  Total:  50 of 140

CS240: lab5. guo268 Mon Mar 30 21:06:13 EDT 2015  Total:  60 of 140

CS240: lab5. guo268 Mon Mar 30 21:07:28 EDT 2015  Total:  75 of 140

CS240: lab5. guo268 Mon Mar 30 21:09:11 EDT 2015  Total:  75 of 140

CS240: lab5. guo268 Mon Mar 30 21:09:46 EDT 2015  Total:  75 of 140

CS240: lab5. guo268 Mon Mar 30 21:10:37 EDT 2015  Total:  100 of 140

CS240: lab5. guo268 Mon Mar 30 21:11:26 EDT 2015  Total:  100 of 140

CS240: lab5. guo268 Mon Mar 30 21:12:35 EDT 2015  Total:  100 of 140

CS240: lab5. guo268 Mon Mar 30 21:47:47 EDT 2015  Total:  100 of 140

CS240: lab5. guo268 Mon Mar 30 21:48:14 EDT 2015  Total:  100 of 140

CS240: lab5. guo268 Mon Mar 30 21:48:53 EDT 2015  Total:  100 of 140

CS240: lab5. guo268 Mon Mar 30 21:50:40 EDT 2015  Total:  100 of 140

CS240: lab5. guo268 Mon Mar 30 21:50:47 EDT 2015  Total:  100 of 140

CS240: lab5. guo268 Mon Mar 30 22:14:11 EDT 2015  Total:  120 of 140

CS240: lab5. guo268 Mon Mar 30 22:17:35 EDT 2015  Total:  120 of 140

CS240: lab5. guo268 Mon Mar 30 22:17:47 EDT 2015  Total:  120 of 140

CS240: lab5. guo268 Mon Mar 30 22:19:05 EDT 2015  Total:  140 of 140

CS240: lab5. guo268 Mon Mar 30 22:23:29 EDT 2015  Total:  140 of 140

CS240: lab5. guo268 Mon Mar 30 22:34:29 EDT 2015  Total:  140 of 140

CS240: lab5. guo268 Mon Mar 30 22:37:06 EDT 2015  Total:  140 of 140

CS240: lab5. guo268 Mon Mar 30 22:37:59 EDT 2015  Total:  140 of 140

CS240: lab5. guo268 Mon Mar 30 22:45:24 EDT 2015  Total:  140 of 140

CS240: lab5. guo268 Mon Mar 30 23:00:30 EDT 2015  Total:  140 of 140

CS240: lab5. guo268 Mon Mar 30 23:12:18 EDT 2015  Total:  115 of 140

CS240: lab5. guo268 Mon Mar 30 23:12:31 EDT 2015  Total:  115 of 140

CS240: lab5. guo268 Mon Mar 30 23:12:40 EDT 2015  Total:  115 of 140

CS240: lab5. guo268 Mon Mar 30 23:18:14 EDT 2015  Total:  115 of 140

CS240: lab5. guo268 Mon Mar 30 23:20:13 EDT 2015  Total:  115 of 140

CS240: lab5. guo268 Mon Mar 30 23:20:17 EDT 2015  Total:  115 of 140

CS240: lab5. guo268 Mon Mar 30 23:22:43 EDT 2015  Total:  115 of 140

CS240: lab5. guo268 Mon Mar 30 23:23:11 EDT 2015  Total:  115 of 140

CS240: lab5. guo268 Mon Mar 30 23:23:36 EDT 2015  Total:  140 of 140

CS240: lab5. guo268 Mon Mar 30 23:23:39 EDT 2015  Total:  140 of 140

CS240: lab5. guo268 Mon Mar 30 23:26:46 EDT 2015  Total:  140 of 140

CS240: lab5. guo268 Mon Mar 30 23:29:21 EDT 2015  Total:  140 of 140

CS240: lab5. guo268 Mon Mar 30 23:29:55 EDT 2015  Total:  140 of 140

CS240: lab5. guo268 Mon Mar 30 23:30:11 EDT 2015  Total:  140 of 140

CS240: lab5. guo268 Mon Mar 30 23:30:35 EDT 2015  Total:  130 of 140

CS240: lab5. guo268 Mon Mar 30 23:31:29 EDT 2015  Total:  130 of 140

CS240: lab5. guo268 Mon Mar 30 23:31:35 EDT 2015  Total:  140 of 140

CS240: lab5. guo268 Mon Mar 30 23:32:19 EDT 2015  Total:  140 of 140

CS240: lab5. guo268 Mon Mar 30 23:34:45 EDT 2015  Total:  140 of 140

CS240: lab5. guo268 Mon Mar 30 23:34:56 EDT 2015  Total:  130 of 140

CS240: lab5. guo268 Mon Mar 30 23:35:14 EDT 2015  Total:  140 of 140

CS240: lab5. guo268 Mon Mar 30 23:35:33 EDT 2015  Total:  140 of 140

CS240: lab5. guo268 Mon Mar 30 23:36:11 EDT 2015  Total:  140 of 140

CS240: lab5. guo268 Fri Apr 3 16:02:07 EDT 2015  Total:  140 of 140

