CS240: lab6. cs240 Tue Mar 31 00:09:52 EDT 2015  Total:  0 of 12

CS240: lab6. cs240 Tue Mar 31 00:10:08 EDT 2015  Total:  12 of 12

CS240: lab6. cs240 Tue Mar 31 00:11:07 EDT 2015  Total:  0 of 12

CS240: lab6. cs240 Tue Mar 31 00:11:39 EDT 2015  Total:  0 of 12

CS240: lab6. cs240 Tue Mar 31 00:13:58 EDT 2015  Total:  0 of 12

CS240: lab6. guo268 Fri Apr 10 15:49:31 EDT 2015  Total:  0 of 12

CS240: lab6. guo268 Fri Apr 10 15:50:24 EDT 2015  Total:  0 of 12

CS240: lab6. guo268 Fri Apr 10 15:50:42 EDT 2015  Total:  0 of 12

CS240: lab6. guo268 Fri Apr 10 15:54:14 EDT 2015  Total:  0 of 12

CS240: lab6. guo268 Fri Apr 10 15:59:20 EDT 2015  Total:  2 of 12

CS240: lab6. guo268 Fri Apr 10 16:04:45 EDT 2015  Total:  8 of 12

CS240: lab6. guo268 Fri Apr 10 16:09:27 EDT 2015  Total:  8 of 12

CS240: lab6. guo268 Fri Apr 10 16:12:36 EDT 2015  Total:  8 of 12

CS240: lab6. guo268 Fri Apr 10 16:18:36 EDT 2015  Total:  8 of 12

CS240: lab6. guo268 Fri Apr 10 16:18:50 EDT 2015  Total:  8 of 12

CS240: lab6. guo268 Fri Apr 10 16:19:43 EDT 2015  Total:  8 of 12

CS240: lab6. guo268 Fri Apr 10 16:21:12 EDT 2015  Total:  8 of 12

CS240: lab6. guo268 Fri Apr 10 16:36:48 EDT 2015  Total:  8 of 12

CS240: lab6. guo268 Fri Apr 10 16:37:15 EDT 2015  Total:  8 of 12

CS240: lab6. guo268 Fri Apr 10 16:38:53 EDT 2015  Total:  8 of 12

CS240: lab6. guo268 Sun Apr 12 19:10:48 EDT 2015  Total:  8 of 12

CS240: lab6. guo268 Sun Apr 12 19:22:46 EDT 2015  Total:  8 of 12

CS240: lab6. guo268 Sun Apr 12 19:23:52 EDT 2015  Total:  8 of 12

CS240: lab6. guo268 Sun Apr 12 19:25:03 EDT 2015  Total:  8 of 12

CS240: lab6. guo268 Sun Apr 12 19:25:26 EDT 2015  Total:  8 of 12

CS240: lab6. guo268 Sun Apr 12 19:39:40 EDT 2015  Total:  8 of 12

CS240: lab6. guo268 Sun Apr 12 19:40:29 EDT 2015  Total:  8 of 12

CS240: lab6. guo268 Sun Apr 12 19:41:01 EDT 2015  Total:  8 of 12

CS240: lab6. guo268 Sun Apr 12 19:46:15 EDT 2015  Total:  8 of 12

CS240: lab6. guo268 Sun Apr 12 19:46:36 EDT 2015  Total:  8 of 12

CS240: lab6. guo268 Sun Apr 12 19:47:52 EDT 2015  Total:  8 of 12

CS240: lab6. guo268 Sun Apr 12 19:48:49 EDT 2015  Total:  8 of 12

CS240: lab6. guo268 Sun Apr 12 19:52:58 EDT 2015  Total:  8 of 12

CS240: lab6. guo268 Sun Apr 12 19:54:11 EDT 2015  Total:  8 of 12

CS240: lab6. guo268 Sun Apr 12 19:55:42 EDT 2015  Total:  8 of 12

CS240: lab6. guo268 Sun Apr 12 19:55:50 EDT 2015  Total:  8 of 12

CS240: lab6. guo268 Sun Apr 12 19:56:31 EDT 2015  Total:  8 of 12

CS240: lab6. guo268 Sun Apr 12 19:57:12 EDT 2015  Total:  8 of 12

CS240: lab6. guo268 Sun Apr 12 19:57:33 EDT 2015  Total:  8 of 12

CS240: lab6. guo268 Sun Apr 12 19:58:44 EDT 2015  Total:  8 of 12

CS240: lab6. guo268 Sun Apr 12 19:59:25 EDT 2015  Total:  8 of 12

CS240: lab6. guo268 Sun Apr 12 19:59:47 EDT 2015  Total:  8 of 12

CS240: lab6. guo268 Sun Apr 12 20:00:11 EDT 2015  Total:  8 of 12

CS240: lab6. guo268 Sun Apr 12 20:00:37 EDT 2015  Total:  8 of 12

CS240: lab6. guo268 Sun Apr 12 20:01:08 EDT 2015  Total:  8 of 12

CS240: lab6. guo268 Sun Apr 12 20:01:36 EDT 2015  Total:  12 of 12

CS240: lab6. guo268 Sun Apr 12 20:01:51 EDT 2015  Total:  12 of 12

CS240: lab6. guo268 Sun Apr 12 20:02:26 EDT 2015  Total:  12 of 12

CS240: lab6. guo268 Sun Apr 12 20:02:47 EDT 2015  Total:  12 of 12

CS240: lab6. guo268 Sun Apr 12 20:04:31 EDT 2015  Total:  8 of 12

CS240: lab6. guo268 Sun Apr 12 20:11:47 EDT 2015  Total:  8 of 12

CS240: lab6. guo268 Sun Apr 12 20:12:36 EDT 2015  Total:  8 of 12

CS240: lab6. guo268 Sun Apr 12 20:13:05 EDT 2015  Total:  12 of 12

CS240: lab6. guo268 Sun Apr 12 20:13:48 EDT 2015  Total:  12 of 12

CS240: lab6. guo268 Sun Apr 12 20:14:57 EDT 2015  Total:  8 of 12

CS240: lab6. guo268 Sun Apr 12 20:16:04 EDT 2015  Total:  8 of 12

CS240: lab6. guo268 Sun Apr 12 20:16:49 EDT 2015  Total:  8 of 12

CS240: lab6. guo268 Sun Apr 12 20:21:27 EDT 2015  Total:  8 of 12

CS240: lab6. guo268 Sun Apr 12 20:22:27 EDT 2015  Total:  8 of 12

CS240: lab6. guo268 Sun Apr 12 20:22:51 EDT 2015  Total:  8 of 12

CS240: lab6. guo268 Sun Apr 12 20:23:43 EDT 2015  Total:  8 of 12

CS240: lab6. guo268 Sun Apr 12 20:25:02 EDT 2015  Total:  8 of 12

CS240: lab6. guo268 Sun Apr 12 20:26:12 EDT 2015  Total:  8 of 12

CS240: lab6. guo268 Sun Apr 12 20:26:44 EDT 2015  Total:  8 of 12

CS240: lab6. guo268 Sun Apr 12 20:26:59 EDT 2015  Total:  12 of 12

CS240: lab6. guo268 Sun Apr 12 20:27:16 EDT 2015  Total:  8 of 12

CS240: lab6. guo268 Sun Apr 12 20:29:54 EDT 2015  Total:  8 of 12

CS240: lab6. guo268 Sun Apr 12 20:30:04 EDT 2015  Total:  8 of 12

CS240: lab6. guo268 Sun Apr 12 20:31:23 EDT 2015  Total:  8 of 12

CS240: lab6. guo268 Sun Apr 12 20:31:35 EDT 2015  Total:  8 of 12

CS240: lab6. guo268 Sun Apr 12 20:35:06 EDT 2015  Total:  8 of 12

CS240: lab6. guo268 Sun Apr 12 20:35:33 EDT 2015  Total:  8 of 12

CS240: lab6. guo268 Sun Apr 12 20:35:52 EDT 2015  Total:  8 of 12

CS240: lab6. guo268 Sun Apr 12 20:46:39 EDT 2015  Total:  8 of 12

CS240: lab6. guo268 Sun Apr 12 20:49:10 EDT 2015  Total:  8 of 12

CS240: lab6. guo268 Tue Apr 14 02:08:31 EDT 2015  Total:  8 of 12

CS240: lab6. guo268 Tue Apr 14 02:09:04 EDT 2015  Total:  8 of 12

CS240: lab6. guo268 Tue Apr 14 02:09:20 EDT 2015  Total:  8 of 12

CS240: lab6. guo268 Tue Apr 14 02:10:29 EDT 2015  Total:  8 of 12

CS240: lab6. guo268 Tue Apr 14 02:10:55 EDT 2015  Total:  12 of 12

CS240: lab6. guo268 Tue Apr 14 02:11:27 EDT 2015  Total:  8 of 12

CS240: lab6. guo268 Tue Apr 14 02:12:08 EDT 2015  Total:  8 of 12

CS240: lab6. guo268 Tue Apr 14 02:14:11 EDT 2015  Total:  8 of 12

CS240: lab6. guo268 Tue Apr 14 02:20:54 EDT 2015  Total:  8 of 12

CS240: lab6. guo268 Tue Apr 14 02:21:30 EDT 2015  Total:  8 of 12

CS240: lab6. guo268 Tue Apr 14 02:22:26 EDT 2015  Total:  8 of 12

CS240: lab6. guo268 Tue Apr 14 02:24:57 EDT 2015  Total:  8 of 12

CS240: lab6. guo268 Tue Apr 14 02:27:47 EDT 2015  Total:  8 of 12

CS240: lab6. guo268 Tue Apr 14 02:28:19 EDT 2015  Total:  8 of 12

CS240: lab6. guo268 Tue Apr 14 02:28:35 EDT 2015  Total:  8 of 12

CS240: lab6. guo268 Tue Apr 14 02:28:58 EDT 2015  Total:  8 of 12

CS240: lab6. guo268 Tue Apr 14 02:30:19 EDT 2015  Total:  8 of 12

CS240: lab6. guo268 Tue Apr 14 02:30:35 EDT 2015  Total:  8 of 12

CS240: lab6. guo268 Tue Apr 14 02:32:22 EDT 2015  Total:  8 of 12

CS240: lab6. guo268 Tue Apr 14 02:32:32 EDT 2015  Total:  8 of 12

CS240: lab6. guo268 Tue Apr 14 02:34:06 EDT 2015  Total:  8 of 12

CS240: lab6. guo268 Tue Apr 14 02:34:23 EDT 2015  Total:  8 of 12

CS240: lab6. guo268 Tue Apr 14 02:35:17 EDT 2015  Total:  8 of 12

CS240: lab6. guo268 Tue Apr 14 02:37:25 EDT 2015  Total:  8 of 12

CS240: lab6. guo268 Tue Apr 14 02:39:04 EDT 2015  Total:  8 of 12

CS240: lab6. guo268 Tue Apr 14 02:39:12 EDT 2015  Total:  8 of 12

CS240: lab6. guo268 Tue Apr 14 02:39:30 EDT 2015  Total:  8 of 12

CS240: lab6. guo268 Tue Apr 14 02:39:36 EDT 2015  Total:  8 of 12

CS240: lab6. guo268 Tue Apr 14 02:41:03 EDT 2015  Total:  8 of 12

CS240: lab6. guo268 Tue Apr 14 02:41:16 EDT 2015  Total:  12 of 12

CS240: lab6. guo268 Tue Apr 14 02:42:35 EDT 2015  Total:  8 of 12

CS240: lab6. guo268 Tue Apr 14 02:44:03 EDT 2015  Total:  8 of 12

CS240: lab6. guo268 Tue Apr 14 02:44:12 EDT 2015  Total:  12 of 12

CS240: lab6. guo268 Tue Apr 14 02:47:00 EDT 2015  Total:  8 of 12

CS240: lab6. guo268 Tue Apr 14 02:48:49 EDT 2015  Total:  12 of 12

CS240: lab6. guo268 Tue Apr 14 02:49:02 EDT 2015  Total:  8 of 12

CS240: lab6. guo268 Tue Apr 14 02:49:47 EDT 2015  Total:  12 of 12

CS240: lab6. guo268 Tue Apr 14 02:50:12 EDT 2015  Total:  8 of 12

CS240: lab6. guo268 Tue Apr 14 02:50:23 EDT 2015  Total:  12 of 12

CS240: lab6. guo268 Tue Apr 14 02:50:55 EDT 2015  Total:  12 of 12

CS240: lab6. guo268 Tue Apr 14 02:51:04 EDT 2015  Total:  12 of 12

CS240: lab6. guo268 Tue Apr 14 02:51:15 EDT 2015  Total:  12 of 12

CS240: lab6. guo268 Tue Apr 14 02:52:14 EDT 2015  Total:  12 of 12

CS240: lab6. guo268 Tue Apr 14 10:19:47 EDT 2015  Total:  12 of 12

CS240: lab6. guo268 Tue Apr 14 10:21:15 EDT 2015  Total:  12 of 12

CS240: lab6. guo268 Tue Apr 14 10:22:35 EDT 2015  Total:  8 of 12

CS240: lab6. guo268 Tue Apr 14 10:22:51 EDT 2015  Total:  8 of 12

CS240: lab6. guo268 Tue Apr 14 10:23:11 EDT 2015  Total:  12 of 12

CS240: lab6. guo268 Tue Apr 14 10:23:42 EDT 2015  Total:  8 of 12

CS240: lab6. guo268 Tue Apr 14 10:23:54 EDT 2015  Total:  12 of 12

CS240: lab6. guo268 Tue Apr 14 10:25:36 EDT 2015  Total:  8 of 12

CS240: lab6. guo268 Tue Apr 14 10:26:19 EDT 2015  Total:  12 of 12

CS240: lab6. guo268 Tue Apr 14 10:27:30 EDT 2015  Total:  8 of 12

CS240: lab6. guo268 Tue Apr 14 10:27:37 EDT 2015  Total:  8 of 12

CS240: lab6. guo268 Tue Apr 14 10:28:12 EDT 2015  Total:  12 of 12

CS240: lab6. guo268 Tue Apr 14 10:28:27 EDT 2015  Total:  12 of 12

CS240: lab6. guo268 Tue Apr 14 10:28:38 EDT 2015  Total:  8 of 12

CS240: lab6. guo268 Tue Apr 14 10:29:02 EDT 2015  Total:  12 of 12

CS240: lab6. guo268 Tue Apr 14 10:30:18 EDT 2015  Total:  8 of 12

CS240: lab6. guo268 Tue Apr 14 10:30:41 EDT 2015  Total:  12 of 12

CS240: lab6. guo268 Tue Apr 14 10:37:39 EDT 2015  Total:  12 of 12

CS240: lab6. guo268 Sun Apr 19 19:36:46 EDT 2015  Total:  12 of 62

CS240: lab6. guo268 Mon Apr 20 01:28:02 EDT 2015  Total:  12 of 62

CS240: lab6. guo268 Mon Apr 20 12:30:55 EDT 2015  Total:  12 of 62

CS240: lab6. guo268 Mon Apr 20 17:27:44 EDT 2015  Total:  12 of 62

CS240: lab6. guo268 Mon Apr 20 17:42:15 EDT 2015  Total:  12 of 62

CS240: lab6. guo268 Mon Apr 20 17:44:34 EDT 2015  Total:  12 of 62

CS240: lab6. guo268 Mon Apr 20 18:07:34 EDT 2015  Total:  12 of 62

CS240: lab6. guo268 Mon Apr 20 18:15:57 EDT 2015  Total:  12 of 62

CS240: lab6. guo268 Tue Apr 21 03:04:26 EDT 2015  Total:  12 of 62

CS240: lab6. guo268 Tue Apr 21 14:39:34 EDT 2015  Total:  12 of 62

CS240: lab6. guo268 Tue Apr 21 17:07:41 EDT 2015  Total:  12 of 62

CS240: lab6. guo268 Tue Apr 21 19:39:01 EDT 2015  Total:  12 of 62

CS240: lab6. guo268 Tue Apr 21 19:41:09 EDT 2015  Total:  12 of 62

CS240: lab6. guo268 Tue Apr 21 19:49:36 EDT 2015  Total:  12 of 62

CS240: lab6. guo268 Tue Apr 21 19:50:55 EDT 2015  Total:  12 of 62

CS240: lab6. guo268 Tue Apr 21 19:52:22 EDT 2015  Total:  12 of 62

CS240: lab6. guo268 Tue Apr 21 19:52:22 EDT 2015  Total:  12 of 62

CS240: lab6. guo268 Tue Apr 21 19:52:26 EDT 2015  Total:  12 of 62

CS240: lab6. guo268 Tue Apr 21 20:05:13 EDT 2015  Total:  17 of 62

CS240: lab6. guo268 Tue Apr 21 20:21:34 EDT 2015  Total:  17 of 62

CS240: lab6. guo268 Tue Apr 21 20:58:25 EDT 2015  Total:  17 of 62

CS240: lab6. guo268 Tue Apr 21 21:06:08 EDT 2015  Total:  12 of 62

CS240: lab6. guo268 Tue Apr 21 21:08:48 EDT 2015  Total:  17 of 62

CS240: lab6. guo268 Tue Apr 21 21:10:17 EDT 2015  Total:  17 of 62

CS240: lab6. guo268 Tue Apr 21 21:31:32 EDT 2015  Total:  27 of 62

CS240: lab6. guo268 Tue Apr 21 21:33:18 EDT 2015  Total:  27 of 62

CS240: lab6. guo268 Tue Apr 21 21:45:58 EDT 2015  Total:  32 of 62

CS240: lab6. guo268 Tue Apr 21 21:50:10 EDT 2015  Total:  32 of 62

CS240: lab6. guo268 Tue Apr 21 23:00:32 EDT 2015  Total:  32 of 62

CS240: lab6. guo268 Tue Apr 21 23:51:08 EDT 2015  Total:  32 of 62

CS240: lab6. guo268 Wed Apr 22 08:45:04 EDT 2015  Total:  32 of 62

CS240: lab6. guo268 Wed Apr 22 09:32:01 EDT 2015  Total:  32 of 62

CS240: lab6. guo268 Wed Apr 22 14:06:33 EDT 2015  Total:  32 of 62

CS240: lab6. guo268 Wed Apr 22 14:50:48 EDT 2015  Total:  47 of 62

CS240: lab6. guo268 Wed Apr 22 16:04:29 EDT 2015  Total:  42 of 62

CS240: lab6. guo268 Wed Apr 22 16:15:37 EDT 2015  Total:  42 of 62

CS240: lab6. guo268 Wed Apr 22 16:26:23 EDT 2015  Total:  47 of 62

CS240: lab6. guo268 Wed Apr 22 16:51:31 EDT 2015  Total:  37 of 62

CS240: lab6. guo268 Wed Apr 22 16:53:56 EDT 2015  Total:  52 of 62

CS240: lab6. guo268 Wed Apr 22 16:58:37 EDT 2015  Total:  57 of 62

CS240: lab6. guo268 Wed Apr 22 17:08:46 EDT 2015  Total:  27 of 62

CS240: lab6. guo268 Wed Apr 22 17:10:17 EDT 2015  Total:  57 of 62

CS240: lab6. guo268 Wed Apr 22 17:17:57 EDT 2015  Total:  57 of 62

CS240: lab6. guo268 Wed Apr 22 17:30:58 EDT 2015  Total:  57 of 62

CS240: lab6. guo268 Wed Apr 22 17:33:52 EDT 2015  Total:  62 of 62

CS240: lab6. guo268 Wed Apr 22 19:37:33 EDT 2015  Total:  62 of 62

CS240: lab6. guo268 Thu Apr 23 09:52:06 EDT 2015  Total:  62 of 62

CS240: lab6. guo268 Fri Apr 24 06:08:12 EDT 2015  Total:  62 of 62

CS240: lab6. guo268 Fri Apr 24 06:16:07 EDT 2015  Total:  62 of 62

CS240: lab6. guo268 Fri Apr 24 12:59:19 EDT 2015  Total:  62 of 62

CS240: lab6. guo268 Sat Apr 25 04:21:43 EDT 2015  Total:  62 of 62

CS240: lab6. guo268 Sun Apr 26 16:31:02 EDT 2015  Total:  62 of 62

CS240: lab6. guo268 Sun Apr 26 16:37:22 EDT 2015  Total:  57 of 62

CS240: lab6. guo268 Sun Apr 26 16:39:26 EDT 2015  Total:  62 of 62

CS240: lab6. guo268 Sun Apr 26 17:18:37 EDT 2015  Total:  62 of 62

CS240: lab6. guo268 Sun Apr 26 19:37:16 EDT 2015  Total:  62 of 62

CS240: lab6. guo268 Sun Apr 26 20:14:14 EDT 2015  Total:  62 of 62

CS240: lab6. guo268 Sun Apr 26 21:06:50 EDT 2015  Total:  62 of 62

CS240: lab6. guo268 Sun Apr 26 21:17:22 EDT 2015  Total:  32 of 62

CS240: lab6. guo268 Sun Apr 26 21:22:09 EDT 2015  Total:  37 of 62

CS240: lab6. guo268 Sun Apr 26 21:26:48 EDT 2015  Total:  62 of 62

CS240: lab6. guo268 Sun Apr 26 21:30:21 EDT 2015  Total:  57 of 62

CS240: lab6. guo268 Sun Apr 26 21:32:11 EDT 2015  Total:  57 of 62

CS240: lab6. guo268 Sun Apr 26 21:34:24 EDT 2015  Total:  62 of 62

CS240: lab6. guo268 Sun Apr 26 21:58:09 EDT 2015  Total:  62 of 62

CS240: lab6. guo268 Sun Apr 26 22:18:59 EDT 2015  Total:  62 of 62

CS240: lab6. guo268 Sun Apr 26 22:20:46 EDT 2015  Total:  62 of 62

CS240: lab6. guo268 Sun Apr 26 23:50:14 EDT 2015  Total:  62 of 62

CS240: lab6. guo268 Mon Apr 27 15:58:56 EDT 2015  Total:  12 of 62

CS240: lab6. guo268 Mon Apr 27 16:03:19 EDT 2015  Total:  62 of 62

CS240: lab6. guo268 Mon Apr 27 18:33:13 EDT 2015  Total:  62 of 62

CS240: lab6. guo268 Fri May 1 15:23:01 EDT 2015  Total:  62 of 62

