CS240: lab4. cs240 Mon Feb 16 10:16:28 EST 2015  Total:  21 of 112

CS240: lab4. cs240 Mon Feb 16 10:16:57 EST 2015  Total:  33 of 112

CS240: lab4. cs240 Mon Feb 16 10:17:48 EST 2015  Total:  33 of 112

CS240: lab4. cs240 Mon Feb 16 10:17:55 EST 2015  Total:  33 of 112

CS240: lab4. cs240 Mon Feb 16 11:08:32 EST 2015  Total:  36 of 115

CS240: lab4. owner Mon, Feb 16, 2015 8:34:34 PM  Total:  0 of 72

CS240: lab4. owner Mon, Feb 16, 2015 8:37:29 PM  Total:  72 of 72

CS240: lab4. cs240 Mon Feb 16 21:18:26 EST 2015  Total:  9 of 72

CS240: lab4. cs240 Mon Feb 16 21:22:59 EST 2015  Total:  9 of 72

CS240: lab4. guo268 Fri Feb 20 15:21:28 EST 2015  Total:  9 of 72

CS240: lab4. guo268 Fri Feb 20 15:41:18 EST 2015  Total:  9 of 72

CS240: lab4. guo268 Fri Feb 20 15:42:48 EST 2015  Total:  9 of 72

CS240: lab4. guo268 Fri Feb 20 15:43:36 EST 2015  Total:  9 of 72

CS240: lab4. guo268 Fri Feb 20 15:44:54 EST 2015  Total:  9 of 72

CS240: lab4. guo268 Fri Feb 20 15:46:03 EST 2015  Total:  12 of 72

CS240: lab4. guo268 Fri Feb 20 15:47:18 EST 2015  Total:  12 of 72

CS240: lab4. guo268 Fri Feb 20 15:47:47 EST 2015  Total:  12 of 72

CS240: lab4. guo268 Fri Feb 20 15:47:57 EST 2015  Total:  15 of 72

CS240: lab4. guo268 Fri Feb 20 15:52:34 EST 2015  Total:  15 of 72

CS240: lab4. guo268 Fri Feb 20 15:54:17 EST 2015  Total:  15 of 72

CS240: lab4. guo268 Fri Feb 20 15:55:40 EST 2015  Total:  15 of 72

CS240: lab4. guo268 Fri Feb 20 15:56:11 EST 2015  Total:  15 of 72

CS240: lab4. guo268 Fri Feb 20 15:58:55 EST 2015  Total:  18 of 72

CS240: lab4. guo268 Fri Feb 20 16:04:12 EST 2015  Total:  18 of 72

CS240: lab4. guo268 Fri Feb 20 16:04:46 EST 2015  Total:  18 of 72

CS240: lab4. guo268 Fri Feb 20 16:06:39 EST 2015  Total:  18 of 72

CS240: lab4. guo268 Fri Feb 20 16:08:03 EST 2015  Total:  18 of 72

CS240: lab4. guo268 Fri Feb 20 16:08:58 EST 2015  Total:  21 of 72

CS240: lab4. guo268 Fri Feb 20 16:13:51 EST 2015  Total:  24 of 72

CS240: lab4. guo268 Fri Feb 20 16:14:18 EST 2015  Total:  30 of 72

CS240: lab4. guo268 Fri Feb 20 16:20:01 EST 2015  Total:  33 of 72

CS240: lab4. guo268 Fri Feb 20 16:20:29 EST 2015  Total:  36 of 72

CS240: lab4. guo268 Fri Feb 20 16:23:53 EST 2015  Total:  33 of 72

CS240: lab4. guo268 Fri Feb 20 16:33:35 EST 2015  Total:  33 of 72

CS240: lab4. guo268 Fri Feb 20 16:37:32 EST 2015  Total:  33 of 72

CS240: lab4. guo268 Fri Feb 20 16:37:54 EST 2015  Total:  36 of 72

CS240: lab4. guo268 Fri Feb 20 16:38:27 EST 2015  Total:  36 of 72

CS240: lab4. guo268 Fri Feb 20 16:38:57 EST 2015  Total:  36 of 72

CS240: lab4. guo268 Fri Feb 20 16:40:29 EST 2015  Total:  36 of 72

CS240: lab4. guo268 Fri Feb 20 16:41:31 EST 2015  Total:  36 of 72

CS240: lab4. guo268 Fri Feb 20 16:44:04 EST 2015  Total:  39 of 72

CS240: lab4. guo268 Fri Feb 20 16:44:17 EST 2015  Total:  39 of 72

CS240: lab4. guo268 Fri Feb 20 17:08:40 EST 2015  Total:  42 of 72

CS240: lab4. guo268 Fri Feb 20 17:09:53 EST 2015  Total:  42 of 72

CS240: lab4. guo268 Fri Feb 20 17:11:56 EST 2015  Total:  42 of 72

CS240: lab4. guo268 Fri Feb 20 17:16:45 EST 2015  Total:  45 of 75

CS240: lab4. guo268 Sat Feb 21 10:46:49 EST 2015  Total:  45 of 75

CS240: lab4. guo268 Sat Feb 21 10:57:05 EST 2015  Total:  45 of 75

CS240: lab4. guo268 Sat Feb 21 11:03:46 EST 2015  Total:  48 of 75

CS240: lab4. guo268 Sat Feb 21 11:18:41 EST 2015  Total:  48 of 75

CS240: lab4. guo268 Sat Feb 21 11:26:51 EST 2015  Total:  51 of 75

CS240: lab4. guo268 Sat Feb 21 11:29:48 EST 2015  Total:  54 of 75

CS240: lab4. guo268 Sat Feb 21 11:32:00 EST 2015  Total:  57 of 75

CS240: lab4. guo268 Sat Feb 21 11:33:07 EST 2015  Total:  60 of 75

CS240: lab4. guo268 Sat Feb 21 11:53:20 EST 2015  Total:  60 of 75

CS240: lab4. guo268 Sat Feb 21 12:07:36 EST 2015  Total:  60 of 75

CS240: lab4. guo268 Sat Feb 21 15:21:43 EST 2015  Total:  60 of 75

CS240: lab4. guo268 Sat Feb 21 22:55:38 EST 2015  Total:  63 of 75

CS240: lab4. guo268 Sat Feb 21 22:59:28 EST 2015  Total:  63 of 75

CS240: lab4. guo268 Sat Feb 21 23:31:02 EST 2015  Total:  63 of 75

CS240: lab4. guo268 Sat Feb 21 23:33:49 EST 2015  Total:  63 of 75

CS240: lab4. guo268 Sat Feb 21 23:45:06 EST 2015  Total:  63 of 75

CS240: lab4. guo268 Mon Feb 23 14:58:35 EST 2015  Total:  63 of 75

CS240: lab4. guo268 Mon Feb 23 20:48:48 EST 2015  Total:  63 of 75

CS240: lab4. guo268 Mon Feb 23 23:02:05 EST 2015  Total:  66 of 75

CS240: lab4. guo268 Tue Feb 24 13:10:12 EST 2015  Total:  66 of 75

CS240: lab4. guo268 Tue Feb 24 21:55:14 EST 2015  Total:  66 of 75

CS240: lab4. guo268 Tue Feb 24 22:00:49 EST 2015  Total:  69 of 75

CS240: lab4. guo268 Tue Feb 24 22:16:24 EST 2015  Total:  69 of 75

CS240: lab4. guo268 Tue Feb 24 22:31:34 EST 2015  Total:  69 of 75

CS240: lab4. guo268 Tue Feb 24 22:32:25 EST 2015  Total:  69 of 75

CS240: lab4. guo268 Fri Feb 27 09:35:01 EST 2015  Total:  69 of 75

CS240: lab4. guo268 Fri Feb 27 09:36:01 EST 2015  Total:  66 of 100

CS240: lab4. guo268 Fri Feb 27 09:37:35 EST 2015  Total:  66 of 100

CS240: lab4. guo268 Fri Feb 27 15:24:27 EST 2015  Total:  66 of 100

CS240: lab4. guo268 Fri Feb 27 15:43:11 EST 2015  Total:  66 of 100

CS240: lab4. guo268 Fri Feb 27 15:43:34 EST 2015  Total:  69 of 100

CS240: lab4. guo268 Fri Feb 27 15:48:29 EST 2015  Total:  72 of 100

CS240: lab4. guo268 Fri Feb 27 16:21:51 EST 2015  Total:  72 of 100

CS240: lab4. guo268 Fri Feb 27 16:24:14 EST 2015  Total:  80 of 100

CS240: lab4. guo268 Fri Feb 27 16:25:58 EST 2015  Total:  80 of 100

CS240: lab4. guo268 Fri Feb 27 16:29:19 EST 2015  Total:  91 of 100

CS240: lab4. guo268 Fri Feb 27 16:31:43 EST 2015  Total:  100 of 100

CS240: lab4. guo268 Fri Feb 27 23:42:07 EST 2015  Total:  100 of 100

CS240: lab4. guo268 Mon Mar 2 11:43:53 EST 2015  Total:  100 of 100

CS240: lab4. guo268 Mon Mar 2 11:46:34 EST 2015  Total:  100 of 100

CS240: lab4. guo268 Mon Mar 2 11:50:05 EST 2015  Total:  100 of 100

CS240: lab4. guo268 Mon Mar 2 11:54:36 EST 2015  Total:  100 of 100

CS240: lab4. guo268 Mon Mar 2 12:01:31 EST 2015  Total:  100 of 100

CS240: lab4. guo268 Mon Mar 2 12:04:18 EST 2015  Total:  94 of 100

CS240: lab4. guo268 Mon Mar 2 12:04:33 EST 2015  Total:  100 of 100

CS240: lab4. guo268 Mon Mar 2 12:27:51 EST 2015  Total:  100 of 100

CS240: lab4. guo268 Mon Mar 2 13:03:14 EST 2015  Total:  100 of 100

CS240: lab4. guo268 Mon Mar 2 13:03:34 EST 2015  Total:  94 of 100

CS240: lab4. guo268 Mon Mar 2 13:03:52 EST 2015  Total:  100 of 100

CS240: lab4. guo268 Mon Mar 2 13:04:33 EST 2015  Total:  94 of 100

CS240: lab4. guo268 Mon Mar 2 13:04:57 EST 2015  Total:  94 of 100

CS240: lab4. guo268 Mon Mar 2 13:05:08 EST 2015  Total:  100 of 100

CS240: lab4. guo268 Mon Mar 2 13:06:19 EST 2015  Total:  94 of 100

CS240: lab4. guo268 Mon Mar 2 13:06:34 EST 2015  Total:  94 of 100

CS240: lab4. guo268 Mon Mar 2 13:07:19 EST 2015  Total:  94 of 100

CS240: lab4. guo268 Mon Mar 2 13:10:54 EST 2015  Total:  94 of 100

CS240: lab4. guo268 Mon Mar 2 13:11:33 EST 2015  Total:  94 of 100

CS240: lab4. guo268 Mon Mar 2 13:11:54 EST 2015  Total:  100 of 100

CS240: lab4. guo268 Mon Mar 2 13:14:50 EST 2015  Total:  100 of 100

CS240: lab4. guo268 Mon Mar 2 13:15:21 EST 2015  Total:  100 of 100

CS240: lab4. guo268 Mon Mar 2 15:10:44 EST 2015  Total:  100 of 100

CS240: lab4. guo268 Mon Mar 2 15:19:39 EST 2015  Total:  72 of 100

CS240: lab4. guo268 Mon Mar 2 15:19:55 EST 2015  Total:  100 of 100

CS240: lab4. guo268 Mon Mar 2 15:30:51 EST 2015  Total:  80 of 100

CS240: lab4. guo268 Mon Mar 2 15:33:36 EST 2015  Total:  80 of 100

CS240: lab4. guo268 Mon Mar 2 15:33:48 EST 2015  Total:  100 of 100

CS240: lab4. guo268 Mon Mar 2 15:34:55 EST 2015  Total:  100 of 100

CS240: lab4. guo268 Mon Mar 2 15:35:39 EST 2015  Total:  80 of 100

CS240: lab4. guo268 Mon Mar 2 15:51:13 EST 2015  Total:  100 of 100

CS240: lab4. guo268 Mon Mar 2 15:52:11 EST 2015  Total:  80 of 100

CS240: lab4. guo268 Mon Mar 2 15:52:21 EST 2015  Total:  100 of 100

CS240: lab4. guo268 Mon Mar 2 15:54:47 EST 2015  Total:  80 of 100

CS240: lab4. guo268 Mon Mar 2 15:55:13 EST 2015  Total:  80 of 100

CS240: lab4. guo268 Mon Mar 2 15:55:54 EST 2015  Total:  80 of 100

CS240: lab4. guo268 Mon Mar 2 15:56:12 EST 2015  Total:  80 of 100

CS240: lab4. guo268 Mon Mar 2 15:56:26 EST 2015  Total:  100 of 100

CS240: lab4. guo268 Mon Mar 2 15:57:59 EST 2015  Total:  100 of 100

CS240: lab4. guo268 Mon Mar 2 15:58:25 EST 2015  Total:  100 of 100

CS240: lab4. guo268 Mon Mar 2 15:59:20 EST 2015  Total:  86 of 100

CS240: lab4. guo268 Mon Mar 2 15:59:30 EST 2015  Total:  100 of 100

CS240: lab4. guo268 Mon Mar 2 16:00:58 EST 2015  Total:  100 of 100

CS240: lab4. guo268 Mon Mar 2 16:03:00 EST 2015  Total:  96 of 100

CS240: lab4. guo268 Mon Mar 2 16:03:14 EST 2015  Total:  100 of 100

CS240: lab4. guo268 Mon Mar 2 16:03:34 EST 2015  Total:  92 of 100

CS240: lab4. guo268 Mon Mar 2 16:03:41 EST 2015  Total:  100 of 100

CS240: lab4. guo268 Mon Mar 2 16:05:48 EST 2015  Total:  80 of 100

CS240: lab4. guo268 Mon Mar 2 16:05:57 EST 2015  Total:  100 of 100

CS240: lab4. guo268 Mon Mar 2 16:08:26 EST 2015  Total:  100 of 100

CS240: lab4. guo268 Mon Mar 2 16:09:34 EST 2015  Total:  100 of 100

CS240: lab4. guo268 Mon Mar 2 16:09:44 EST 2015  Total:  100 of 100

CS240: lab4. guo268 Mon Mar 2 16:10:29 EST 2015  Total:  100 of 100

CS240: lab4. guo268 Mon Mar 2 16:12:28 EST 2015  Total:  100 of 100

CS240: lab4. guo268 Mon Mar 2 16:18:16 EST 2015  Total:  97 of 100

CS240: lab4. guo268 Mon Mar 2 16:18:23 EST 2015  Total:  100 of 100

CS240: lab4. guo268 Mon Mar 2 16:18:37 EST 2015  Total:  100 of 100

CS240: lab4. guo268 Mon Mar 2 16:18:44 EST 2015  Total:  100 of 100

CS240: lab4. guo268 Mon Mar 2 16:20:59 EST 2015  Total:  88 of 100

CS240: lab4. guo268 Mon Mar 2 16:23:59 EST 2015  Total:  91 of 100

CS240: lab4. guo268 Mon Mar 2 16:25:55 EST 2015  Total:  100 of 100

CS240: lab4. guo268 Mon Mar 2 16:26:22 EST 2015  Total:  91 of 100

CS240: lab4. guo268 Mon Mar 2 16:26:28 EST 2015  Total:  100 of 100

CS240: lab4. guo268 Mon Mar 2 16:27:07 EST 2015  Total:  100 of 100

CS240: lab4. guo268 Mon Mar 2 16:35:01 EST 2015  Total:  100 of 100

CS240: lab4. guo268 Mon Mar 2 16:42:51 EST 2015  Total:  88 of 100

CS240: lab4. guo268 Mon Mar 2 16:43:03 EST 2015  Total:  97 of 100

CS240: lab4. guo268 Mon Mar 2 16:43:54 EST 2015  Total:  97 of 100

CS240: lab4. guo268 Mon Mar 2 16:44:06 EST 2015  Total:  97 of 100

CS240: lab4. guo268 Mon Mar 2 16:45:08 EST 2015  Total:  97 of 100

CS240: lab4. guo268 Mon Mar 2 16:46:29 EST 2015  Total:  97 of 100

CS240: lab4. guo268 Mon Mar 2 16:46:47 EST 2015  Total:  88 of 100

CS240: lab4. guo268 Mon Mar 2 16:46:55 EST 2015  Total:  97 of 100

CS240: lab4. guo268 Mon Mar 2 16:47:34 EST 2015  Total:  97 of 100

CS240: lab4. guo268 Mon Mar 2 16:48:38 EST 2015  Total:  100 of 100

CS240: lab4. guo268 Mon Mar 2 16:49:31 EST 2015  Total:  88 of 100

CS240: lab4. guo268 Mon Mar 2 16:49:53 EST 2015  Total:  100 of 100

CS240: lab4. guo268 Mon Mar 2 16:50:20 EST 2015  Total:  97 of 100

CS240: lab4. guo268 Mon Mar 2 16:50:31 EST 2015  Total:  100 of 100

CS240: lab4. guo268 Mon Mar 2 16:53:19 EST 2015  Total:  100 of 100

CS240: lab4. guo268 Mon Mar 2 16:53:32 EST 2015  Total:  97 of 100

CS240: lab4. guo268 Mon Mar 2 16:53:55 EST 2015  Total:  100 of 100

CS240: lab4. guo268 Mon Mar 2 16:55:39 EST 2015  Total:  100 of 100

CS240: lab4. guo268 Mon Mar 2 17:06:34 EST 2015  Total:  100 of 100

CS240: lab4. guo268 Mon Mar 2 17:07:08 EST 2015  Total:  100 of 100

CS240: lab4. guo268 Mon Mar 2 17:08:23 EST 2015  Total:  100 of 100

CS240: lab4. guo268 Mon Mar 2 17:08:53 EST 2015  Total:  91 of 100

CS240: lab4. guo268 Mon Mar 2 17:09:33 EST 2015  Total:  100 of 100

CS240: lab4. guo268 Mon Mar 2 17:09:46 EST 2015  Total:  91 of 100

CS240: lab4. guo268 Mon Mar 2 17:09:55 EST 2015  Total:  100 of 100

CS240: lab4. guo268 Mon Mar 2 17:10:17 EST 2015  Total:  100 of 100

CS240: lab4. guo268 Mon Mar 2 17:11:05 EST 2015  Total:  100 of 100

